	 nums[0]= 1804289383
	 nums[1]= 846930886
	 nums[2]= 1681692777
	 nums[3]= 1714636915
	 nums[4]= 1957747793
	 nums[5]= 424238335
	 nums[6]= 719885386
	 nums[7]= 1649760492
	 nums[8]= 596516649
	 nums[9]= 1189641421
	 nums[10]= 1025202362
	 nums[11]= 1350490027
	 nums[12]= 783368690
	 nums[13]= 1102520059
	 nums[14]= 2044897763
	 nums[15]= 1967513926
	 nums[16]= 1365180540
	 nums[17]= 1540383426
	 nums[18]= 304089172
	 nums[19]= 1303455736
	 nums[20]= 35005211
	 nums[21]= 521595368
	 nums[22]= 294702567
	 nums[23]= 1726956429
	 nums[24]= 336465782
	 nums[25]= 861021530
	 nums[26]= 278722862
	 nums[27]= 233665123
	 nums[28]= 2145174067
	 nums[29]= 468703135
	 nums[30]= 1101513929
	 nums[31]= 1801979802
	 nums[32]= 1315634022
	 nums[33]= 635723058
	 nums[34]= 1369133069
	 nums[35]= 1125898167
	 nums[36]= 1059961393
	 nums[37]= 2089018456
	 nums[38]= 628175011
	 nums[39]= 1656478042
	 nums[40]= 1131176229
	 nums[41]= 1653377373
	 nums[42]= 859484421
	 nums[43]= 1914544919
	 nums[44]= 608413784
	 nums[45]= 756898537
	 nums[46]= 1734575198
	 nums[47]= 1973594324
	 nums[48]= 149798315
	 nums[49]= 2038664370
	 nums[50]= 1129566413
	 nums[51]= 184803526
	 nums[52]= 412776091
	 nums[53]= 1424268980
	 nums[54]= 1911759956
	 nums[55]= 749241873
	 nums[56]= 137806862
	 nums[57]= 42999170
	 nums[58]= 982906996
	 nums[59]= 135497281
	 nums[60]= 511702305
	 nums[61]= 2084420925
	 nums[62]= 1937477084
	 nums[63]= 1827336327
	 nums[64]= 572660336
	 nums[65]= 1159126505
	 nums[66]= 805750846
	 nums[67]= 1632621729
	 nums[68]= 1100661313
	 nums[69]= 1433925857
	 nums[70]= 1141616124
	 nums[71]= 84353895
	 nums[72]= 939819582
	 nums[73]= 2001100545
	 nums[74]= 1998898814
	 nums[75]= 1548233367
	 nums[76]= 610515434
	 nums[77]= 1585990364
	 nums[78]= 1374344043
	 nums[79]= 760313750
	 nums[80]= 1477171087
	 nums[81]= 356426808
	 nums[82]= 945117276
	 nums[83]= 1889947178
	 nums[84]= 1780695788
	 nums[85]= 709393584
	 nums[86]= 491705403
	 nums[87]= 1918502651
	 nums[88]= 752392754
	 nums[89]= 1474612399
	 nums[90]= 2053999932
	 nums[91]= 1264095060
	 nums[92]= 1411549676
	 nums[93]= 1843993368
	 nums[94]= 943947739
	 nums[95]= 1984210012
	 nums[96]= 855636226
	 nums[97]= 1749698586
	 nums[98]= 1469348094
	 nums[99]= 1956297539
	 nums[100]= 1036140795
	 nums[101]= 463480570
	 nums[102]= 2040651434
	 nums[103]= 1975960378
	 nums[104]= 317097467
	 nums[105]= 1892066601
	 nums[106]= 1376710097
	 nums[107]= 927612902
	 nums[108]= 1330573317
	 nums[109]= 603570492
	 nums[110]= 1687926652
	 nums[111]= 660260756
	 nums[112]= 959997301
	 nums[113]= 485560280
	 nums[114]= 402724286
	 nums[115]= 593209441
	 nums[116]= 1194953865
	 nums[117]= 894429689
	 nums[118]= 364228444
	 nums[119]= 1947346619
	 nums[120]= 221558440
	 nums[121]= 270744729
	 nums[122]= 1063958031
	 nums[123]= 1633108117
	 nums[124]= 2114738097
	 nums[125]= 2007905771
	 nums[126]= 1469834481
	 nums[127]= 822890675
	 nums[128]= 1610120709
	 nums[129]= 791698927
	 nums[130]= 631704567
	 nums[131]= 498777856
	 nums[132]= 1255179497
	 nums[133]= 524872353
	 nums[134]= 327254586
	 nums[135]= 1572276965
	 nums[136]= 269455306
	 nums[137]= 1703964683
	 nums[138]= 352406219
	 nums[139]= 1600028624
	 nums[140]= 160051528
	 nums[141]= 2040332871
	 nums[142]= 112805732
	 nums[143]= 1120048829
	 nums[144]= 378409503
	 nums[145]= 515530019
	 nums[146]= 1713258270
	 nums[147]= 1573363368
	 nums[148]= 1409959708
	 nums[149]= 2077486715
	 nums[150]= 1373226340
	 nums[151]= 1631518149
	 nums[152]= 200747796
	 nums[153]= 289700723
	 nums[154]= 1117142618
	 nums[155]= 168002245
	 nums[156]= 150122846
	 nums[157]= 439493451
	 nums[158]= 990892921
	 nums[159]= 1760243555
	 nums[160]= 1231192379
	 nums[161]= 1622597488
	 nums[162]= 111537764
	 nums[163]= 338888228
	 nums[164]= 2147469841
	 nums[165]= 438792350
	 nums[166]= 1911165193
	 nums[167]= 269441500
	 nums[168]= 2142757034
	 nums[169]= 116087764
	 nums[170]= 1869470124
	 nums[171]= 155324914
	 nums[172]= 8936987
	 nums[173]= 1982275856
	 nums[174]= 1275373743
	 nums[175]= 387346491
	 nums[176]= 350322227
	 nums[177]= 841148365
	 nums[178]= 1960709859
	 nums[179]= 1760281936
	 nums[180]= 771151432
	 nums[181]= 1186452551
	 nums[182]= 1244316437
	 nums[183]= 971899228
	 nums[184]= 1476153275
	 nums[185]= 213975407
	 nums[186]= 1139901474
	 nums[187]= 1626276121
	 nums[188]= 653468858
	 nums[189]= 2130794395
	 nums[190]= 1239036029
	 nums[191]= 1884661237
	 nums[192]= 1605908235
	 nums[193]= 1350573793
	 nums[194]= 76065818
	 nums[195]= 1605894428
	 nums[196]= 1789366143
	 nums[197]= 1987231011
	 nums[198]= 1875335928
	 nums[199]= 1784639529
	 nums[200]= 2103318776
	 nums[201]= 1597322404
	 nums[202]= 1939964443
	 nums[203]= 2112255763
	 nums[204]= 1432114613
	 nums[205]= 1067854538
	 nums[206]= 352118606
	 nums[207]= 1782436840
	 nums[208]= 1909002904
	 nums[209]= 165344818
	 nums[210]= 1395235128
	 nums[211]= 532670688
	 nums[212]= 1351797369
	 nums[213]= 492067917
	 nums[214]= 1504569917
	 nums[215]= 680466996
	 nums[216]= 706043324
	 nums[217]= 496987743
	 nums[218]= 159259470
	 nums[219]= 1359512183
	 nums[220]= 480298490
	 nums[221]= 1398295499
	 nums[222]= 1096689772
	 nums[223]= 2086206725
	 nums[224]= 601385644
	 nums[225]= 1172755590
	 nums[226]= 1544617505
	 nums[227]= 243268139
	 nums[228]= 1012502954
	 nums[229]= 1272469786
	 nums[230]= 2027907669
	 nums[231]= 968338082
	 nums[232]= 722308542
	 nums[233]= 1820388464
	 nums[234]= 933110197
	 nums[235]= 6939507
	 nums[236]= 740759355
	 nums[237]= 1285228804
	 nums[238]= 1789376348
	 nums[239]= 502278611
	 nums[240]= 1450573622
	 nums[241]= 1037127828
	 nums[242]= 1034949299
	 nums[243]= 654887343
	 nums[244]= 1529195746
	 nums[245]= 392035568
	 nums[246]= 1335354340
	 nums[247]= 87755422
	 nums[248]= 889023311
	 nums[249]= 1494613810
	 nums[250]= 1447267605
	 nums[251]= 1369321801
	 nums[252]= 745425661
	 nums[253]= 396473730
	 nums[254]= 1308044878
	 nums[255]= 1346811305
	 nums[256]= 1569229320
	 nums[257]= 705178736
	 nums[258]= 1590079444
	 nums[259]= 434248626
	 nums[260]= 1977648522
	 nums[261]= 1470503465
	 nums[262]= 1402586708
	 nums[263]= 552473416
	 nums[264]= 1143408282
	 nums[265]= 188213258
	 nums[266]= 559412924
	 nums[267]= 1884167637
	 nums[268]= 1473442062
	 nums[269]= 201305624
	 nums[270]= 238962600
	 nums[271]= 776532036
	 nums[272]= 1238433452
	 nums[273]= 1273911899
	 nums[274]= 1431419379
	 nums[275]= 620145550
	 nums[276]= 1665947468
	 nums[277]= 619290071
	 nums[278]= 707900973
	 nums[279]= 407487131
	 nums[280]= 2113903881
	 nums[281]= 7684930
	 nums[282]= 1776808933
	 nums[283]= 711845894
	 nums[284]= 404158660
	 nums[285]= 937370163
	 nums[286]= 2058657199
	 nums[287]= 1973387981
	 nums[288]= 1642548899
	 nums[289]= 1501252996
	 nums[290]= 260152959
	 nums[291]= 1472713773
	 nums[292]= 824272813
	 nums[293]= 1662739668
	 nums[294]= 2025187190
	 nums[295]= 1967681095
	 nums[296]= 1850952926
	 nums[297]= 437116466
	 nums[298]= 1704365084
	 nums[299]= 1176911340
	 nums[300]= 638422090
	 nums[301]= 1943327684
	 nums[302]= 1953443376
	 nums[303]= 1876855542
	 nums[304]= 1069755936
	 nums[305]= 1237379107
	 nums[306]= 349517445
	 nums[307]= 588219756
	 nums[308]= 1856669179
	 nums[309]= 1057418418
	 nums[310]= 995706887
	 nums[311]= 1823089412
	 nums[312]= 1065103348
	 nums[313]= 625032172
	 nums[314]= 387451659
	 nums[315]= 1469262009
	 nums[316]= 1562402336
	 nums[317]= 298625210
	 nums[318]= 1295166342
	 nums[319]= 1057467587
	 nums[320]= 1799878206
	 nums[321]= 1555319301
	 nums[322]= 382697713
	 nums[323]= 476667372
	 nums[324]= 1070575321
	 nums[325]= 260401255
	 nums[326]= 296864819
	 nums[327]= 774044599
	 nums[328]= 697517721
	 nums[329]= 2001229904
	 nums[330]= 1950955939
	 nums[331]= 1335939811
	 nums[332]= 1797073940
	 nums[333]= 1756915667
	 nums[334]= 1065311705
	 nums[335]= 719346228
	 nums[336]= 846811127
	 nums[337]= 1414829150
	 nums[338]= 1307565984
	 nums[339]= 555996658
	 nums[340]= 324763920
	 nums[341]= 155789224
	 nums[342]= 231602422
	 nums[343]= 1389867269
	 nums[344]= 780821396
	 nums[345]= 619054081
	 nums[346]= 711645630
	 nums[347]= 195740084
	 nums[348]= 917679292
	 nums[349]= 2006811972
	 nums[350]= 1253207672
	 nums[351]= 570073850
	 nums[352]= 1414647625
	 nums[353]= 1635905385
	 nums[354]= 1046741222
	 nums[355]= 337739299
	 nums[356]= 1896306640
	 nums[357]= 1343606042
	 nums[358]= 1111783898
	 nums[359]= 446340713
	 nums[360]= 1197352298
	 nums[361]= 915256190
	 nums[362]= 1782280524
	 nums[363]= 846942590
	 nums[364]= 524688209
	 nums[365]= 700108581
	 nums[366]= 1566288819
	 nums[367]= 1371499336
	 nums[368]= 2114937732
	 nums[369]= 726371155
	 nums[370]= 1927495994
	 nums[371]= 292218004
	 nums[372]= 882160379
	 nums[373]= 11614769
	 nums[374]= 1682085273
	 nums[375]= 1662981776
	 nums[376]= 630668850
	 nums[377]= 246247255
	 nums[378]= 1858721860
	 nums[379]= 1548348142
	 nums[380]= 105575579
	 nums[381]= 964445884
	 nums[382]= 2118421993
	 nums[383]= 1520223205
	 nums[384]= 452867621
	 nums[385]= 1017679567
	 nums[386]= 1857962504
	 nums[387]= 201690613
	 nums[388]= 213801961
	 nums[389]= 822262754
	 nums[390]= 648031326
	 nums[391]= 1411154259
	 nums[392]= 1737518944
	 nums[393]= 282828202
	 nums[394]= 110613202
	 nums[395]= 114723506
	 nums[396]= 982936784
	 nums[397]= 1676902021
	 nums[398]= 1486222842
	 nums[399]= 950390868
	 nums[400]= 255789528
	 nums[401]= 1266235189
	 nums[402]= 1242608872
	 nums[403]= 1137949908
	 nums[404]= 1277849958
	 nums[405]= 777210498
	 nums[406]= 653448036
	 nums[407]= 1908518808
	 nums[408]= 1023457753
	 nums[409]= 364686248
	 nums[410]= 1309383303
	 nums[411]= 1129033333
	 nums[412]= 1329132133
	 nums[413]= 1280321648
	 nums[414]= 501772890
	 nums[415]= 1781999754
	 nums[416]= 150517567
	 nums[417]= 212251746
	 nums[418]= 1983690368
	 nums[419]= 364319529
	 nums[420]= 1034514500
	 nums[421]= 484238046
	 nums[422]= 1775473788
	 nums[423]= 624549797
	 nums[424]= 767066249
	 nums[425]= 1886086990
	 nums[426]= 739273303
	 nums[427]= 1750003033
	 nums[428]= 1415505363
	 nums[429]= 78012497
	 nums[430]= 552910253
	 nums[431]= 1671294892
	 nums[432]= 1344247686
	 nums[433]= 1795519125
	 nums[434]= 661761152
	 nums[435]= 474613996
	 nums[436]= 425245975
	 nums[437]= 1315209188
	 nums[438]= 235649157
	 nums[439]= 1448703729
	 nums[440]= 1679895436
	 nums[441]= 1545032460
	 nums[442]= 430253414
	 nums[443]= 861543921
	 nums[444]= 677870460
	 nums[445]= 932026304
	 nums[446]= 496060028
	 nums[447]= 828388027
	 nums[448]= 1144278050
	 nums[449]= 332266748
	 nums[450]= 1192707556
	 nums[451]= 31308902
	 nums[452]= 816504794
	 nums[453]= 820697697
	 nums[454]= 655858699
	 nums[455]= 1583571043
	 nums[456]= 559301039
	 nums[457]= 1395132002
	 nums[458]= 1186090428
	 nums[459]= 1974806403
	 nums[460]= 1473144500
	 nums[461]= 1739000681
	 nums[462]= 1498617647
	 nums[463]= 669908538
	 nums[464]= 1387036159
	 nums[465]= 12895151
	 nums[466]= 1144522535
	 nums[467]= 1812282134
	 nums[468]= 1328104339
	 nums[469]= 1380171692
	 nums[470]= 1113502215
	 nums[471]= 860516127
	 nums[472]= 777720504
	 nums[473]= 1543755629
	 nums[474]= 1722060049
	 nums[475]= 1455590964
	 nums[476]= 328298285
	 nums[477]= 70636429
	 nums[478]= 136495343
	 nums[479]= 1472576335
	 nums[480]= 402903177
	 nums[481]= 1329202900
	 nums[482]= 1503885238
	 nums[483]= 1219407971
	 nums[484]= 2416949
	 nums[485]= 12260289
	 nums[486]= 655495367
	 nums[487]= 561717988
	 nums[488]= 1407392292
	 nums[489]= 1841585795
	 nums[490]= 389040743
	 nums[491]= 733053144
	 nums[492]= 1433102829
	 nums[493]= 1887658390
	 nums[494]= 1402961682
	 nums[495]= 672655340
	 nums[496]= 1900553541
	 nums[497]= 400000569
	 nums[498]= 337453826
	 nums[499]= 1081174232
	 nums[500]= 1780172261
	 nums[501]= 1450956042
	 nums[502]= 1941690360
	 nums[503]= 410409117
	 nums[504]= 847228023
	 nums[505]= 1516266761
	 nums[506]= 1866000081
	 nums[507]= 1175526309
	 nums[508]= 1586903190
	 nums[509]= 2002495425
	 nums[510]= 500618996
	 nums[511]= 1989806367
	 nums[512]= 1184214677
	 nums[513]= 2004504234
	 nums[514]= 1061730690
	 nums[515]= 1186631626
	 nums[516]= 2016764524
	 nums[517]= 1717226057
	 nums[518]= 1748349614
	 nums[519]= 1276673168
	 nums[520]= 1411328205
	 nums[521]= 2137390358
	 nums[522]= 2009726312
	 nums[523]= 696947386
	 nums[524]= 1877565100
	 nums[525]= 1265204346
	 nums[526]= 1369602726
	 nums[527]= 1630634994
	 nums[528]= 1665204916
	 nums[529]= 1707056552
	 nums[530]= 564325578
	 nums[531]= 1297893529
	 nums[532]= 1010528946
	 nums[533]= 358532290
	 nums[534]= 1708302647
	 nums[535]= 1857756970
	 nums[536]= 1874799051
	 nums[537]= 1426819080
	 nums[538]= 885799631
	 nums[539]= 1314218593
	 nums[540]= 1281830857
	 nums[541]= 1386418627
	 nums[542]= 1156541312
	 nums[543]= 318561886
	 nums[544]= 1243439214
	 nums[545]= 70788355
	 nums[546]= 1505193512
	 nums[547]= 1112720090
	 nums[548]= 1788014412
	 nums[549]= 1106059479
	 nums[550]= 241909610
	 nums[551]= 1051858969
	 nums[552]= 1095966189
	 nums[553]= 104152274
	 nums[554]= 1748806355
	 nums[555]= 826047641
	 nums[556]= 1369356620
	 nums[557]= 970925433
	 nums[558]= 309198987
	 nums[559]= 887077888
	 nums[560]= 530498338
	 nums[561]= 873524566
	 nums[562]= 37487770
	 nums[563]= 1541027284
	 nums[564]= 1232056856
	 nums[565]= 1745790417
	 nums[566]= 1251300606
	 nums[567]= 959372260
	 nums[568]= 1025125849
	 nums[569]= 2137100237
	 nums[570]= 126107205
	 nums[571]= 159473059
	 nums[572]= 1376035217
	 nums[573]= 1282648518
	 nums[574]= 478034945
	 nums[575]= 471990783
	 nums[576]= 1353436873
	 nums[577]= 1983228458
	 nums[578]= 1584710873
	 nums[579]= 993967637
	 nums[580]= 941804289
	 nums[581]= 1826620483
	 nums[582]= 2045826607
	 nums[583]= 2037770478
	 nums[584]= 1930772757
	 nums[585]= 1647149314
	 nums[586]= 716334471
	 nums[587]= 1152645729
	 nums[588]= 470591100
	 nums[589]= 1025533459
	 nums[590]= 2039723618
	 nums[591]= 1001089438
	 nums[592]= 1899058025
	 nums[593]= 2077211388
	 nums[594]= 394633074
	 nums[595]= 983631233
	 nums[596]= 1675518157
	 nums[597]= 1645933681
	 nums[598]= 1943003493
	 nums[599]= 553160358
	 nums[600]= 1635550270
	 nums[601]= 2069110699
	 nums[602]= 712633417
	 nums[603]= 864101839
	 nums[604]= 1204275569
	 nums[605]= 1190668363
	 nums[606]= 1336092622
	 nums[607]= 410228794
	 nums[608]= 1026413173
	 nums[609]= 773319847
	 nums[610]= 1404196431
	 nums[611]= 1968217462
	 nums[612]= 452456682
	 nums[613]= 1302539390
	 nums[614]= 1858504292
	 nums[615]= 235745791
	 nums[616]= 802205057
	 nums[617]= 427355115
	 nums[618]= 1388391521
	 nums[619]= 1272796157
	 nums[620]= 1452888574
	 nums[621]= 1280631491
	 nums[622]= 126401947
	 nums[623]= 1204462951
	 nums[624]= 1210359231
	 nums[625]= 521035021
	 nums[626]= 40610537
	 nums[627]= 738393740
	 nums[628]= 19485054
	 nums[629]= 1983614030
	 nums[630]= 1291554098
	 nums[631]= 1655035325
	 nums[632]= 1905241081
	 nums[633]= 2004187516
	 nums[634]= 371653516
	 nums[635]= 962033002
	 nums[636]= 1047372231
	 nums[637]= 1707746139
	 nums[638]= 1372261796
	 nums[639]= 2073785404
	 nums[640]= 333582338
	 nums[641]= 628974580
	 nums[642]= 1894519218
	 nums[643]= 786039021
	 nums[644]= 1931513970
	 nums[645]= 1605539862
	 nums[646]= 1021784812
	 nums[647]= 586235379
	 nums[648]= 2032894977
	 nums[649]= 262692685
	 nums[650]= 1859031536
	 nums[651]= 1338299904
	 nums[652]= 1543324176
	 nums[653]= 1985433483
	 nums[654]= 395279207
	 nums[655]= 606199759
	 nums[656]= 358984857
	 nums[657]= 435889744
	 nums[658]= 1344593499
	 nums[659]= 378469911
	 nums[660]= 272020127
	 nums[661]= 488663950
	 nums[662]= 2033505236
	 nums[663]= 29777560
	 nums[664]= 345367818
	 nums[665]= 257675105
	 nums[666]= 991810563
	 nums[667]= 1392740049
	 nums[668]= 1965421244
	 nums[669]= 216588711
	 nums[670]= 1319041805
	 nums[671]= 151519934
	 nums[672]= 845563291
	 nums[673]= 1066077375
	 nums[674]= 937558955
	 nums[675]= 629593614
	 nums[676]= 524133589
	 nums[677]= 1959343768
	 nums[678]= 1215828993
	 nums[679]= 409544918
	 nums[680]= 74552805
	 nums[681]= 927376882
	 nums[682]= 1747844822
	 nums[683]= 1617876982
	 nums[684]= 765326717
	 nums[685]= 2143124030
	 nums[686]= 76593093
	 nums[687]= 1124311574
	 nums[688]= 431530126
	 nums[689]= 1421186593
	 nums[690]= 1502781486
	 nums[691]= 703550253
	 nums[692]= 1909850543
	 nums[693]= 1388803074
	 nums[694]= 733327814
	 nums[695]= 107734713
	 nums[696]= 1646478179
	 nums[697]= 1725138377
	 nums[698]= 1500474762
	 nums[699]= 1464415775
	 nums[700]= 1941727088
	 nums[701]= 672032919
	 nums[702]= 1615935710
	 nums[703]= 639806732
	 nums[704]= 1738110294
	 nums[705]= 406011017
	 nums[706]= 1269400346
	 nums[707]= 114760235
	 nums[708]= 217871137
	 nums[709]= 337745691
	 nums[710]= 524305153
	 nums[711]= 292423943
	 nums[712]= 1265122573
	 nums[713]= 124666328
	 nums[714]= 1910300925
	 nums[715]= 2030449291
	 nums[716]= 120306710
	 nums[717]= 1986894018
	 nums[718]= 1007277217
	 nums[719]= 551836836
	 nums[720]= 1260596963
	 nums[721]= 362575055
	 nums[722]= 1255387090
	 nums[723]= 1022963858
	 nums[724]= 1751378130
	 nums[725]= 1988714904
	 nums[726]= 1130698571
	 nums[727]= 1250372661
	 nums[728]= 1566369633
	 nums[729]= 483689685
	 nums[730]= 567304789
	 nums[731]= 1360613073
	 nums[732]= 1155722604
	 nums[733]= 35756851
	 nums[734]= 2000419805
	 nums[735]= 746349250
	 nums[736]= 441767868
	 nums[737]= 1122336503
	 nums[738]= 861109485
	 nums[739]= 659639006
	 nums[740]= 1460082195
	 nums[741]= 1385414639
	 nums[742]= 952062949
	 nums[743]= 577721120
	 nums[744]= 1510080967
	 nums[745]= 714880226
	 nums[746]= 460686763
	 nums[747]= 1630387677
	 nums[748]= 554290596
	 nums[749]= 1467963981
	 nums[750]= 34740865
	 nums[751]= 1814887560
	 nums[752]= 1830539036
	 nums[753]= 1290127955
	 nums[754]= 690367770
	 nums[755]= 1434433518
	 nums[756]= 1131359211
	 nums[757]= 1821066342
	 nums[758]= 537322532
	 nums[759]= 550245196
	 nums[760]= 157272379
	 nums[761]= 1104627321
	 nums[762]= 1910858270
	 nums[763]= 1312994984
	 nums[764]= 1140384172
	 nums[765]= 1763794427
	 nums[766]= 2059344234
	 nums[767]= 1582152040
	 nums[768]= 738647283
	 nums[769]= 772970072
	 nums[770]= 94307398
	 nums[771]= 51245830
	 nums[772]= 10901063
	 nums[773]= 1046370347
	 nums[774]= 628966950
	 nums[775]= 1520982030
	 nums[776]= 1761250573
	 nums[777]= 1089653714
	 nums[778]= 1003886059
	 nums[779]= 168057522
	 nums[780]= 410134047
	 nums[781]= 1038626924
	 nums[782]= 1982945082
	 nums[783]= 93189435
	 nums[784]= 181271232
	 nums[785]= 525829204
	 nums[786]= 1527622954
	 nums[787]= 1312630443
	 nums[788]= 199411898
	 nums[789]= 2064945486
	 nums[790]= 1862875640
	 nums[791]= 356684278
	 nums[792]= 1022089159
	 nums[793]= 1626250262
	 nums[794]= 1669679262
	 nums[795]= 14989683
	 nums[796]= 1242561041
	 nums[797]= 1581539848
	 nums[798]= 1597141723
	 nums[799]= 1981208324
sort took 0.0025 seconds
2416949
6939507
7684930
8936987
10901063
11614769
12260289
12895151
14989683
19485054
29777560
31308902
34740865
35005211
35756851
37487770
40610537
42999170
51245830
70636429
70788355
74552805
76065818
76593093
78012497
84353895
87755422
93189435
94307398
104152274
105575579
107734713
110613202
111537764
112805732
114723506
114760235
116087764
120306710
124666328
126107205
126401947
135497281
136495343
137806862
149798315
150122846
150517567
151519934
155324914
155789224
157272379
159259470
159473059
160051528
165344818
168002245
168057522
181271232
184803526
188213258
195740084
199411898
200747796
201305624
201690613
212251746
213801961
213975407
216588711
217871137
221558440
231602422
233665123
235649157
235745791
238962600
241909610
243268139
246247255
255789528
257675105
260152959
260401255
262692685
269441500
269455306
270744729
272020127
278722862
282828202
289700723
292218004
292423943
294702567
296864819
298625210
304089172
309198987
317097467
318561886
324763920
327254586
328298285
332266748
333582338
336465782
337453826
337739299
337745691
338888228
345367818
349517445
350322227
352118606
352406219
356426808
356684278
358532290
358984857
362575055
364228444
364319529
364686248
371653516
378409503
378469911
382697713
387346491
387451659
389040743
392035568
394633074
395279207
396473730
400000569
402724286
402903177
404158660
406011017
407487131
409544918
410134047
410228794
410409117
412776091
424238335
425245975
427355115
430253414
431530126
434248626
435889744
437116466
438792350
439493451
441767868
446340713
452456682
452867621
460686763
463480570
468703135
470591100
471990783
474613996
476667372
478034945
480298490
483689685
484238046
485560280
488663950
491705403
492067917
496060028
496987743
498777856
500618996
501772890
502278611
511702305
515530019
521035021
521595368
524133589
524305153
524688209
524872353
525829204
530498338
532670688
537322532
550245196
551836836
552473416
552910253
553160358
554290596
555996658
559301039
559412924
561717988
564325578
567304789
570073850
572660336
577721120
586235379
588219756
593209441
596516649
601385644
603570492
606199759
608413784
610515434
619054081
619290071
620145550
624549797
625032172
628175011
628966950
628974580
629593614
630668850
631704567
635723058
638422090
639806732
648031326
653448036
653468858
654887343
655495367
655858699
659639006
660260756
661761152
669908538
672032919
672655340
677870460
680466996
690367770
696947386
697517721
700108581
703550253
705178736
706043324
707900973
709393584
711645630
711845894
712633417
714880226
716334471
719346228
719885386
722308542
726371155
733053144
733327814
738393740
738647283
739273303
740759355
745425661
746349250
749241873
752392754
756898537
760313750
765326717
767066249
771151432
772970072
773319847
774044599
776532036
777210498
777720504
780821396
783368690
786039021
791698927
802205057
805750846
816504794
820697697
822262754
822890675
824272813
826047641
828388027
841148365
845563291
846811127
846930886
846942590
847228023
855636226
859484421
860516127
861021530
861109485
861543921
864101839
873524566
882160379
885799631
887077888
889023311
894429689
915256190
917679292
927376882
927612902
932026304
933110197
937370163
937558955
939819582
941804289
943947739
945117276
950390868
952062949
959372260
959997301
962033002
964445884
968338082
970925433
971899228
982906996
982936784
983631233
990892921
991810563
993967637
995706887
1001089438
1003886059
1007277217
1010528946
1012502954
1017679567
1021784812
1022089159
1022963858
1023457753
1025125849
1025202362
1025533459
1026413173
1034514500
1034949299
1036140795
1037127828
1038626924
1046370347
1046741222
1047372231
1051858969
1057418418
1057467587
1059961393
1061730690
1063958031
1065103348
1065311705
1066077375
1067854538
1069755936
1070575321
1081174232
1089653714
1095966189
1096689772
1100661313
1101513929
1102520059
1104627321
1106059479
1111783898
1112720090
1113502215
1117142618
1120048829
1122336503
1124311574
1125898167
1129033333
1129566413
1130698571
1131176229
1131359211
1137949908
1139901474
1140384172
1141616124
1143408282
1144278050
1144522535
1152645729
1155722604
1156541312
1159126505
1172755590
1175526309
1176911340
1184214677
1186090428
1186452551
1186631626
1189641421
1190668363
1192707556
1194953865
1197352298
1204275569
1204462951
1210359231
1215828993
1219407971
1231192379
1232056856
1237379107
1238433452
1239036029
1242561041
1242608872
1243439214
1244316437
1250372661
1251300606
1253207672
1255179497
1255387090
1260596963
1264095060
1265122573
1265204346
1266235189
1269400346
1272469786
1272796157
1273911899
1275373743
1276673168
1277849958
1280321648
1280631491
1281830857
1282648518
1285228804
1290127955
1291554098
1295166342
1297893529
1302539390
1303455736
1307565984
1308044878
1309383303
1312630443
1312994984
1314218593
1315209188
1315634022
1319041805
1328104339
1329132133
1329202900
1330573317
1335354340
1335939811
1336092622
1338299904
1343606042
1344247686
1344593499
1346811305
1350490027
1350573793
1351797369
1353436873
1359512183
1360613073
1365180540
1369133069
1369321801
1369356620
1369602726
1371499336
1372261796
1373226340
1374344043
1376035217
1376710097
1380171692
1385414639
1386418627
1387036159
1388391521
1388803074
1389867269
1392740049
1395132002
1395235128
1398295499
1402586708
1402961682
1404196431
1407392292
1409959708
1411154259
1411328205
1411549676
1414647625
1414829150
1415505363
1421186593
1424268980
1426819080
1431419379
1432114613
1433102829
1433925857
1434433518
1447267605
1448703729
1450573622
1450956042
1452888574
1455590964
1460082195
1464415775
1467963981
1469262009
1469348094
1469834481
1470503465
1472576335
1472713773
1473144500
1473442062
1474612399
1476153275
1477171087
1486222842
1494613810
1498617647
1500474762
1501252996
1502781486
1503885238
1504569917
1505193512
1510080967
1516266761
1520223205
1520982030
1527622954
1529195746
1540383426
1541027284
1543324176
1543755629
1544617505
1545032460
1548233367
1548348142
1555319301
1562402336
1566288819
1566369633
1569229320
1572276965
1573363368
1581539848
1582152040
1583571043
1584710873
1585990364
1586903190
1590079444
1597141723
1597322404
1600028624
1605539862
1605894428
1605908235
1610120709
1615935710
1617876982
1622597488
1626250262
1626276121
1630387677
1630634994
1631518149
1632621729
1633108117
1635550270
1635905385
1642548899
1645933681
1646478179
1647149314
1649760492
1653377373
1655035325
1656478042
1662739668
1662981776
1665204916
1665947468
1669679262
1671294892
1675518157
1676902021
1679895436
1681692777
1682085273
1687926652
1703964683
1704365084
1707056552
1707746139
1708302647
1713258270
1714636915
1717226057
1722060049
1725138377
1726956429
1734575198
1737518944
1738110294
1739000681
1745790417
1747844822
1748349614
1748806355
1749698586
1750003033
1751378130
1756915667
1760243555
1760281936
1761250573
1763794427
1775473788
1776808933
1780172261
1780695788
1781999754
1782280524
1782436840
1784639529
1788014412
1789366143
1789376348
1795519125
1797073940
1799878206
1801979802
1804289383
1812282134
1814887560
1820388464
1821066342
1823089412
1826620483
1827336327
1830539036
1841585795
1843993368
1850952926
1856669179
1857756970
1857962504
1858504292
1858721860
1859031536
1862875640
1866000081
1869470124
1874799051
1875335928
1876855542
1877565100
1884167637
1884661237
1886086990
1887658390
1889947178
1892066601
1894519218
1896306640
1899058025
1900553541
1905241081
1908518808
1909002904
1909850543
1910300925
1910858270
1911165193
1911759956
1914544919
1918502651
1927495994
1930772757
1931513970
1937477084
1939964443
1941690360
1941727088
1943003493
1943327684
1947346619
1950955939
1953443376
1956297539
1957747793
1959343768
1960709859
1965421244
1967513926
1967681095
1968217462
1973387981
1973594324
1974806403
1975960378
1977648522
1981208324
1982275856
1982945082
1983228458
1983614030
1983690368
1984210012
1985433483
1986894018
1987231011
1988714904
1989806367
1998898814
2000419805
2001100545
2001229904
2002495425
2004187516
2004504234
2006811972
2007905771
2009726312
2016764524
2025187190
2027907669
2030449291
2032894977
2033505236
2037770478
2038664370
2039723618
2040332871
2040651434
2044897763
2045826607
2053999932
2058657199
2059344234
2064945486
2069110699
2073785404
2077211388
2077486715
2084420925
2086206725
2089018456
2103318776
2112255763
2113903881
2114738097
2114937732
2118421993
2130794395
2137100237
2137390358
2142757034
2143124030
2145174067
2147469841
